#! /c/Source/iverilog-install/bin/vvp
:ivl_version "12.0 (devel)" "(s20150603-1539-g2693dd32b)";
:ivl_delay_selection "TYPICAL";
:vpi_time_precision + 0;
:vpi_module "C:\iverilog\lib\ivl\system.vpi";
:vpi_module "C:\iverilog\lib\ivl\vhdl_sys.vpi";
:vpi_module "C:\iverilog\lib\ivl\vhdl_textio.vpi";
:vpi_module "C:\iverilog\lib\ivl\v2005_math.vpi";
:vpi_module "C:\iverilog\lib\ivl\va_math.vpi";
:vpi_module "C:\iverilog\lib\ivl\v2009.vpi";
S_000002530a29d6d0 .scope package, "$unit" "$unit" 2 1;
 .timescale 0 0;
S_000002530a29d860 .scope module, "mux_2_1" "mux_2_1" 3 5;
 .timescale 0 0;
    .port_info 0 /INPUT 4 "d0";
    .port_info 1 /INPUT 4 "d1";
    .port_info 2 /INPUT 1 "sel";
    .port_info 3 /OUTPUT 4 "y";
o000002530a2eff98 .functor BUFZ 4, C4<zzzz>; HiZ drive
v000002530a2b2ca0_0 .net "d0", 3 0, o000002530a2eff98;  0 drivers
o000002530a2effc8 .functor BUFZ 4, C4<zzzz>; HiZ drive
v000002530a2b28d0_0 .net "d1", 3 0, o000002530a2effc8;  0 drivers
o000002530a2efff8 .functor BUFZ 1, C4<z>; HiZ drive
v000002530a29d9f0_0 .net "sel", 0 0, o000002530a2efff8;  0 drivers
v000002530a29da90_0 .var "y", 3 0;
E_000002530a2dddc0 .event anyedge, v000002530a29d9f0_0, v000002530a2b28d0_0, v000002530a2b2ca0_0;
S_000002530a2e5fe0 .scope module, "testbench" "testbench" 4 3;
 .timescale 0 0;
v000002530a2e4aa0_0 .var "d0", 3 0;
v000002530a2e4960_0 .var "d1", 3 0;
v000002530a2e3ec0_0 .var "d2", 3 0;
v000002530a2e43c0_0 .var "d3", 3 0;
v000002530a2e4140_0 .var "sel", 1 0;
v000002530a2e4280_0 .net "y", 3 0, v000002530a33d210_0;  1 drivers
S_000002530a2e6170 .scope module, "inst" "mux_4_1" 4 9, 3 24 0, S_000002530a2e5fe0;
 .timescale 0 0;
    .port_info 0 /INPUT 4 "d0";
    .port_info 1 /INPUT 4 "d1";
    .port_info 2 /INPUT 4 "d2";
    .port_info 3 /INPUT 4 "d3";
    .port_info 4 /INPUT 2 "sel";
    .port_info 5 /OUTPUT 4 "y";
v000002530a2e6300_0 .net "d0", 3 0, v000002530a2e4aa0_0;  1 drivers
v000002530a2e63a0_0 .net "d1", 3 0, v000002530a2e4960_0;  1 drivers
v000002530a33d030_0 .net "d2", 3 0, v000002530a2e3ec0_0;  1 drivers
v000002530a33d0d0_0 .net "d3", 3 0, v000002530a2e43c0_0;  1 drivers
v000002530a33d170_0 .net "sel", 1 0, v000002530a2e4140_0;  1 drivers
v000002530a33d210_0 .var "y", 3 0;
E_000002530a2de380/0 .event anyedge, v000002530a33d170_0, v000002530a2e6300_0, v000002530a2e63a0_0, v000002530a33d030_0;
E_000002530a2de380/1 .event anyedge, v000002530a33d0d0_0;
E_000002530a2de380 .event/or E_000002530a2de380/0, E_000002530a2de380/1;
S_000002530a33d6c0 .scope task, "test" "test" 4 16, 4 16 0, S_000002530a2e5fe0;
 .timescale 0 0;
v000002530a33d850_0 .var "td0", 3 0;
v000002530a33d8f0_0 .var "td1", 3 0;
v000002530a33d990_0 .var "td2", 3 0;
v000002530a33da30_0 .var "td3", 3 0;
v000002530a33dad0_0 .var "tsel", 1 0;
v000002530a2e3e20_0 .var "ty", 3 0;
TD_testbench.test ;
    %load/vec4 v000002530a33d850_0;
    %load/vec4 v000002530a33d8f0_0;
    %concat/vec4; draw_concat_vec4
    %load/vec4 v000002530a33d990_0;
    %concat/vec4; draw_concat_vec4
    %load/vec4 v000002530a33da30_0;
    %concat/vec4; draw_concat_vec4
    %load/vec4 v000002530a33dad0_0;
    %concat/vec4; draw_concat_vec4
    %split/vec4 2;
    %store/vec4 v000002530a2e4140_0, 0, 2;
    %split/vec4 4;
    %store/vec4 v000002530a2e43c0_0, 0, 4;
    %split/vec4 4;
    %store/vec4 v000002530a2e3ec0_0, 0, 4;
    %split/vec4 4;
    %store/vec4 v000002530a2e4960_0, 0, 4;
    %store/vec4 v000002530a2e4aa0_0, 0, 4;
    %delay 1, 0;
    %load/vec4 v000002530a2e4280_0;
    %load/vec4 v000002530a2e3e20_0;
    %cmp/ne;
    %jmp/0xz  T_0.0, 6;
    %vpi_call/w 4 29 "$display", "FAIL %s", "testbench.sv" {0 0 0};
    %vpi_func/s 4 30 "$sformatf", "%h", v000002530a2e4aa0_0 {0 0 0};
    %vpi_func/s 4 30 "$sformatf", "%h", v000002530a2e4960_0 {0 0 0};
    %vpi_func/s 4 30 "$sformatf", "%h", v000002530a2e3ec0_0 {0 0 0};
    %vpi_func/s 4 30 "$sformatf", "%h", v000002530a2e43c0_0 {0 0 0};
    %vpi_func/s 4 30 "$sformatf", "%h", v000002530a2e4140_0 {0 0 0};
    %vpi_call/w 4 30 "$display", "++ INPUT    => {%s, %s, %s, %s, %s}", S<4,str>, S<3,str>, S<2,str>, S<1,str>, S<0,str> {0 0 5};
    %vpi_func/s 4 31 "$sformatf", "%h", v000002530a2e3e20_0 {0 0 0};
    %vpi_call/w 4 31 "$display", "++ EXPECTED => {%s}", S<0,str> {0 0 1};
    %vpi_func/s 4 32 "$sformatf", "%h", v000002530a2e4280_0 {0 0 0};
    %vpi_call/w 4 32 "$display", "++ ACTUAL   => {%s}", S<0,str> {0 0 1};
    %vpi_call/w 4 33 "$finish", 32'sb00000000000000000000000000000001 {0 0 0};
T_0.0 ;
    %end;
    .scope S_000002530a29d860;
T_1 ;
Ewait_0 .event/or E_000002530a2dddc0, E_0x0;
    %wait Ewait_0;
    %load/vec4 v000002530a29d9f0_0;
    %flag_set/vec4 8;
    %jmp/0xz  T_1.0, 8;
    %load/vec4 v000002530a2b28d0_0;
    %store/vec4 v000002530a29da90_0, 0, 4;
    %jmp T_1.1;
T_1.0 ;
    %load/vec4 v000002530a2b2ca0_0;
    %store/vec4 v000002530a29da90_0, 0, 4;
T_1.1 ;
    %jmp T_1;
    .thread T_1, $push;
    .scope S_000002530a2e6170;
T_2 ;
Ewait_1 .event/or E_000002530a2de380, E_0x0;
    %wait Ewait_1;
    %load/vec4 v000002530a33d170_0;
    %cmpi/e 0, 0, 2;
    %jmp/0xz  T_2.0, 4;
    %load/vec4 v000002530a2e6300_0;
    %store/vec4 v000002530a33d210_0, 0, 4;
    %jmp T_2.1;
T_2.0 ;
    %load/vec4 v000002530a33d170_0;
    %cmpi/e 1, 0, 2;
    %jmp/0xz  T_2.2, 4;
    %load/vec4 v000002530a2e63a0_0;
    %store/vec4 v000002530a33d210_0, 0, 4;
    %jmp T_2.3;
T_2.2 ;
    %load/vec4 v000002530a33d170_0;
    %cmpi/e 2, 0, 2;
    %jmp/0xz  T_2.4, 4;
    %load/vec4 v000002530a33d030_0;
    %store/vec4 v000002530a33d210_0, 0, 4;
    %jmp T_2.5;
T_2.4 ;
    %load/vec4 v000002530a33d0d0_0;
    %store/vec4 v000002530a33d210_0, 0, 4;
T_2.5 ;
T_2.3 ;
T_2.1 ;
    %jmp T_2;
    .thread T_2, $push;
    .scope S_000002530a2e5fe0;
T_3 ;
    %pushi/vec4 10, 0, 4;
    %store/vec4 v000002530a33d850_0, 0, 4;
    %pushi/vec4 11, 0, 4;
    %store/vec4 v000002530a33d8f0_0, 0, 4;
    %pushi/vec4 12, 0, 4;
    %store/vec4 v000002530a33d990_0, 0, 4;
    %pushi/vec4 13, 0, 4;
    %store/vec4 v000002530a33da30_0, 0, 4;
    %pushi/vec4 0, 0, 2;
    %store/vec4 v000002530a33dad0_0, 0, 2;
    %pushi/vec4 10, 0, 4;
    %store/vec4 v000002530a2e3e20_0, 0, 4;
    %fork TD_testbench.test, S_000002530a33d6c0;
    %join;
    %pushi/vec4 10, 0, 4;
    %store/vec4 v000002530a33d850_0, 0, 4;
    %pushi/vec4 11, 0, 4;
    %store/vec4 v000002530a33d8f0_0, 0, 4;
    %pushi/vec4 12, 0, 4;
    %store/vec4 v000002530a33d990_0, 0, 4;
    %pushi/vec4 13, 0, 4;
    %store/vec4 v000002530a33da30_0, 0, 4;
    %pushi/vec4 1, 0, 2;
    %store/vec4 v000002530a33dad0_0, 0, 2;
    %pushi/vec4 11, 0, 4;
    %store/vec4 v000002530a2e3e20_0, 0, 4;
    %fork TD_testbench.test, S_000002530a33d6c0;
    %join;
    %pushi/vec4 10, 0, 4;
    %store/vec4 v000002530a33d850_0, 0, 4;
    %pushi/vec4 11, 0, 4;
    %store/vec4 v000002530a33d8f0_0, 0, 4;
    %pushi/vec4 12, 0, 4;
    %store/vec4 v000002530a33d990_0, 0, 4;
    %pushi/vec4 13, 0, 4;
    %store/vec4 v000002530a33da30_0, 0, 4;
    %pushi/vec4 2, 0, 2;
    %store/vec4 v000002530a33dad0_0, 0, 2;
    %pushi/vec4 12, 0, 4;
    %store/vec4 v000002530a2e3e20_0, 0, 4;
    %fork TD_testbench.test, S_000002530a33d6c0;
    %join;
    %pushi/vec4 10, 0, 4;
    %store/vec4 v000002530a33d850_0, 0, 4;
    %pushi/vec4 11, 0, 4;
    %store/vec4 v000002530a33d8f0_0, 0, 4;
    %pushi/vec4 12, 0, 4;
    %store/vec4 v000002530a33d990_0, 0, 4;
    %pushi/vec4 13, 0, 4;
    %store/vec4 v000002530a33da30_0, 0, 4;
    %pushi/vec4 3, 0, 2;
    %store/vec4 v000002530a33dad0_0, 0, 2;
    %pushi/vec4 13, 0, 4;
    %store/vec4 v000002530a2e3e20_0, 0, 4;
    %fork TD_testbench.test, S_000002530a33d6c0;
    %join;
    %pushi/vec4 7, 0, 4;
    %store/vec4 v000002530a33d850_0, 0, 4;
    %pushi/vec4 10, 0, 4;
    %store/vec4 v000002530a33d8f0_0, 0, 4;
    %pushi/vec4 3, 0, 4;
    %store/vec4 v000002530a33d990_0, 0, 4;
    %pushi/vec4 15, 15, 4;
    %store/vec4 v000002530a33da30_0, 0, 4;
    %pushi/vec4 0, 0, 2;
    %store/vec4 v000002530a33dad0_0, 0, 2;
    %pushi/vec4 7, 0, 4;
    %store/vec4 v000002530a2e3e20_0, 0, 4;
    %fork TD_testbench.test, S_000002530a33d6c0;
    %join;
    %pushi/vec4 7, 0, 4;
    %store/vec4 v000002530a33d850_0, 0, 4;
    %pushi/vec4 10, 0, 4;
    %store/vec4 v000002530a33d8f0_0, 0, 4;
    %pushi/vec4 3, 0, 4;
    %store/vec4 v000002530a33d990_0, 0, 4;
    %pushi/vec4 15, 15, 4;
    %store/vec4 v000002530a33da30_0, 0, 4;
    %pushi/vec4 1, 0, 2;
    %store/vec4 v000002530a33dad0_0, 0, 2;
    %pushi/vec4 10, 0, 4;
    %store/vec4 v000002530a2e3e20_0, 0, 4;
    %fork TD_testbench.test, S_000002530a33d6c0;
    %join;
    %pushi/vec4 7, 0, 4;
    %store/vec4 v000002530a33d850_0, 0, 4;
    %pushi/vec4 10, 0, 4;
    %store/vec4 v000002530a33d8f0_0, 0, 4;
    %pushi/vec4 3, 0, 4;
    %store/vec4 v000002530a33d990_0, 0, 4;
    %pushi/vec4 15, 15, 4;
    %store/vec4 v000002530a33da30_0, 0, 4;
    %pushi/vec4 2, 0, 2;
    %store/vec4 v000002530a33dad0_0, 0, 2;
    %pushi/vec4 3, 0, 4;
    %store/vec4 v000002530a2e3e20_0, 0, 4;
    %fork TD_testbench.test, S_000002530a33d6c0;
    %join;
    %pushi/vec4 7, 0, 4;
    %store/vec4 v000002530a33d850_0, 0, 4;
    %pushi/vec4 10, 0, 4;
    %store/vec4 v000002530a33d8f0_0, 0, 4;
    %pushi/vec4 3, 0, 4;
    %store/vec4 v000002530a33d990_0, 0, 4;
    %pushi/vec4 15, 15, 4;
    %store/vec4 v000002530a33da30_0, 0, 4;
    %pushi/vec4 3, 0, 2;
    %store/vec4 v000002530a33dad0_0, 0, 2;
    %pushi/vec4 15, 15, 4;
    %store/vec4 v000002530a2e3e20_0, 0, 4;
    %fork TD_testbench.test, S_000002530a33d6c0;
    %join;
    %vpi_call/w 4 50 "$display", "PASS %s", "testbench.sv" {0 0 0};
    %vpi_call/w 4 51 "$dumpfile", "waves.vcd" {0 0 0};
    %vpi_call/w 4 52 "$dumpvars", 32'sb00000000000000000000000000000000, S_000002530a2e5fe0 {0 0 0};
    %vpi_call/w 4 53 "$finish" {0 0 0};
    %end;
    .thread T_3;
# The file index is used to find the file name in the following table.
:file_names 5;
    "N/A";
    "<interactive>";
    "-";
    "01_02_mux_if.sv";
    "testbench.sv";
